<?xml version="1.0" encoding="UTF-8"?>
<!-- Generated by org.testng.reporters.JUnitReportReporter -->
<testsuite hostname="Thamizh" failures="0" tests="2" name="java1.sample1" time="0.023" errors="0" timestamp="2022-10-31T17:44:40 IST" skipped="0">
  <testcase classname="java1.sample1" name="method1" time="0.021"/>
  <system-out/>
  <testcase classname="java1.sample1" name="method2" time="0.002"/>
  <system-out/>
</testsuite> <!-- java1.sample1 -->
